<?xml version="1.0" encoding="UTF-8"?>
<!-- Generated by org.testng.reporters.JUnitXMLReporter -->
<testsuite ignored="0" hostname="DESKTOP-137NM9T" failures="0" tests="5" name="Surefire test" time="44.083" errors="0" timestamp="2024-01-09T20:42:24 EST">
  <testcase classname="com.qa.TN.TestCases.AddToCartTest" name="addingProductsToCart" time="2.587"/>
  <testcase classname="com.qa.TN.TestCases.CheckOutTest" name="checkoutProduct" time="11.131"/>
  <testcase classname="com.qa.TN.TestCases.LoginTest" name="verifyLoginWithValidCredentials" time="1.576"/>
  <testcase classname="com.qa.TN.TestCases.RegisterTest" name="verifyRegisterWithAllFields" time="2.389"/>
  <testcase classname="com.qa.TN.TestCases.SearchProductTest" name="SearchWithValidProduct" time="3.082"/>
</testsuite> <!-- Surefire test -->
