<?xml version="1.0" encoding="UTF-8"?>
<testng-results ignored="0" total="5" passed="5" failed="0" skipped="0">
  <reporter-output>
  </reporter-output>
  <suite started-at="2024-01-09T20:41:40 EST" name="Surefire suite" finished-at="2024-01-09T20:42:24 EST" duration-ms="44083">
    <groups>
    </groups>
    <test started-at="2024-01-09T20:41:40 EST" name="Surefire test" finished-at="2024-01-09T20:42:24 EST" duration-ms="44083">
      <class name="com.qa.TN.TestCases.SearchProductTest">
        <test-method is-config="true" signature="setup()[pri:0, instance:com.qa.TN.TestCases.SearchProductTest@79ad8b2f]" started-at="2024-01-09T20:42:18 EST" name="setup" finished-at="2024-01-09T20:42:21 EST" duration-ms="2818" status="PASS">
          <reporter-output>
          </reporter-output>
        </test-method> <!-- setup -->
        <test-method signature="SearchWithValidProduct()[pri:0, instance:com.qa.TN.TestCases.SearchProductTest@79ad8b2f]" started-at="2024-01-09T20:42:21 EST" name="SearchWithValidProduct" finished-at="2024-01-09T20:42:24 EST" duration-ms="3082" status="PASS">
          <reporter-output>
          </reporter-output>
        </test-method> <!-- SearchWithValidProduct -->
      </class> <!-- com.qa.TN.TestCases.SearchProductTest -->
      <class name="com.qa.TN.TestCases.AddToCartTest">
        <test-method is-config="true" signature="setup()[pri:0, instance:com.qa.TN.TestCases.AddToCartTest@78b1cc93]" started-at="2024-01-09T20:41:40 EST" name="setup" finished-at="2024-01-09T20:41:45 EST" duration-ms="5556" status="PASS">
          <reporter-output>
          </reporter-output>
        </test-method> <!-- setup -->
        <test-method signature="addingProductsToCart()[pri:0, instance:com.qa.TN.TestCases.AddToCartTest@78b1cc93]" started-at="2024-01-09T20:41:45 EST" name="addingProductsToCart" finished-at="2024-01-09T20:41:48 EST" duration-ms="2587" status="PASS">
          <reporter-output>
          </reporter-output>
        </test-method> <!-- addingProductsToCart -->
        <test-method is-config="true" signature="teardown()[pri:0, instance:com.qa.TN.TestCases.AddToCartTest@78b1cc93]" started-at="2024-01-09T20:41:48 EST" name="teardown" finished-at="2024-01-09T20:41:48 EST" duration-ms="442" status="PASS">
          <reporter-output>
          </reporter-output>
        </test-method> <!-- teardown -->
      </class> <!-- com.qa.TN.TestCases.AddToCartTest -->
      <class name="com.qa.TN.TestCases.LoginTest">
        <test-method is-config="true" signature="setup()[pri:0, instance:com.qa.TN.TestCases.LoginTest@197d671]" started-at="2024-01-09T20:42:04 EST" name="setup" finished-at="2024-01-09T20:42:09 EST" duration-ms="4736" status="PASS">
          <reporter-output>
          </reporter-output>
        </test-method> <!-- setup -->
        <test-method signature="verifyLoginWithValidCredentials()[pri:0, instance:com.qa.TN.TestCases.LoginTest@197d671]" started-at="2024-01-09T20:42:09 EST" name="verifyLoginWithValidCredentials" finished-at="2024-01-09T20:42:11 EST" duration-ms="1576" status="PASS">
          <reporter-output>
          </reporter-output>
        </test-method> <!-- verifyLoginWithValidCredentials -->
      </class> <!-- com.qa.TN.TestCases.LoginTest -->
      <class name="com.qa.TN.TestCases.CheckOutTest">
        <test-method is-config="true" signature="setup()[pri:0, instance:com.qa.TN.TestCases.CheckOutTest@27c86f2d]" started-at="2024-01-09T20:41:48 EST" name="setup" finished-at="2024-01-09T20:41:53 EST" duration-ms="4362" status="PASS">
          <reporter-output>
          </reporter-output>
        </test-method> <!-- setup -->
        <test-method signature="checkoutProduct()[pri:0, instance:com.qa.TN.TestCases.CheckOutTest@27c86f2d]" started-at="2024-01-09T20:41:53 EST" name="checkoutProduct" finished-at="2024-01-09T20:42:04 EST" duration-ms="11131" status="PASS">
          <reporter-output>
          </reporter-output>
        </test-method> <!-- checkoutProduct -->
        <test-method is-config="true" signature="teardown()[pri:0, instance:com.qa.TN.TestCases.CheckOutTest@27c86f2d]" started-at="2024-01-09T20:42:04 EST" name="teardown" finished-at="2024-01-09T20:42:04 EST" duration-ms="366" status="PASS">
          <reporter-output>
          </reporter-output>
        </test-method> <!-- teardown -->
      </class> <!-- com.qa.TN.TestCases.CheckOutTest -->
      <class name="com.qa.TN.TestCases.RegisterTest">
        <test-method is-config="true" signature="setup()[pri:0, instance:com.qa.TN.TestCases.RegisterTest@402e37bc]" started-at="2024-01-09T20:42:11 EST" name="setup" finished-at="2024-01-09T20:42:16 EST" duration-ms="4958" status="PASS">
          <reporter-output>
          </reporter-output>
        </test-method> <!-- setup -->
        <test-method signature="verifyRegisterWithAllFields()[pri:0, instance:com.qa.TN.TestCases.RegisterTest@402e37bc]" started-at="2024-01-09T20:42:16 EST" name="verifyRegisterWithAllFields" finished-at="2024-01-09T20:42:18 EST" duration-ms="2389" status="PASS">
          <reporter-output>
          </reporter-output>
        </test-method> <!-- verifyRegisterWithAllFields -->
      </class> <!-- com.qa.TN.TestCases.RegisterTest -->
    </test> <!-- Surefire test -->
  </suite> <!-- Surefire suite -->
</testng-results>
